This file contains any messages produced by compilers while
running configure, to aid debugging if configure makes a mistake.

It was created by libatomic_ops configure 7.6.2, which was
generated by GNU Autoconf 2.69.  Invocation command line was

  $ ./configure --disable-option-checking --prefix=/usr/local --cache-file=/dev/null --srcdir=.

## --------- ##
## Platform. ##
## --------- ##

hostname = buildkitsandbox
uname -m = x86_64
uname -r = 6.2.6-gentoo
uname -s = Linux
uname -v = #1 SMP Tue Mar 14 11:30:47 EDT 2023

/usr/bin/uname -p = unknown
/bin/uname -X     = unknown

/bin/arch              = unknown
/usr/bin/arch -k       = unknown
/usr/convex/getsysinfo = unknown
/usr/bin/hostinfo      = unknown
/bin/machine           = unknown
/usr/bin/oslevel       = unknown
/bin/universe          = unknown

PATH: /home/student/.opam/4.12.0/bin
PATH: /usr/local/sbin
PATH: /usr/local/bin
PATH: /usr/sbin
PATH: /usr/bin
PATH: /sbin
PATH: /bin


## ----------- ##
## Core tests. ##
## ----------- ##

configure:2202: checking build system type
configure:2216: result: x86_64-unknown-linux-gnu
configure:2236: checking host system type
configure:2249: result: x86_64-unknown-linux-gnu
configure:2269: checking target system type
configure:2282: result: x86_64-unknown-linux-gnu
configure:2326: checking for a BSD-compatible install
configure:2394: result: /usr/bin/install -c
configure:2405: checking whether build environment is sane
configure:2460: result: yes
configure:2611: checking for a thread-safe mkdir -p
configure:2650: result: /bin/mkdir -p
configure:2657: checking for gawk
configure:2687: result: no
configure:2657: checking for mawk
configure:2673: found /usr/bin/mawk
configure:2684: result: mawk
configure:2695: checking whether make sets $(MAKE)
configure:2717: result: yes
configure:2746: checking whether make supports nested variables
configure:2763: result: yes
configure:2890: checking whether to enable maintainer-specific portions of Makefiles
configure:2899: result: no
configure:2929: checking for style of include used by make
configure:2957: result: GNU
configure:3028: checking for gcc
configure:3044: found /usr/bin/gcc
configure:3055: result: gcc
configure:3284: checking for C compiler version
configure:3293: gcc --version >&5
gcc (Ubuntu 7.5.0-3ubuntu1~18.04) 7.5.0
Copyright (C) 2017 Free Software Foundation, Inc.
This is free software; see the source for copying conditions.  There is NO
warranty; not even for MERCHANTABILITY or FITNESS FOR A PARTICULAR PURPOSE.

configure:3304: $? = 0
configure:3293: gcc -v >&5
Using built-in specs.
COLLECT_GCC=gcc
COLLECT_LTO_WRAPPER=/usr/lib/gcc/x86_64-linux-gnu/7/lto-wrapper
OFFLOAD_TARGET_NAMES=nvptx-none
OFFLOAD_TARGET_DEFAULT=1
Target: x86_64-linux-gnu
Configured with: ../src/configure -v --with-pkgversion='Ubuntu 7.5.0-3ubuntu1~18.04' --with-bugurl=file:///usr/share/doc/gcc-7/README.Bugs --enable-languages=c,ada,c++,go,brig,d,fortran,objc,obj-c++ --prefix=/usr --with-gcc-major-version-only --program-suffix=-7 --program-prefix=x86_64-linux-gnu- --enable-shared --enable-linker-build-id --libexecdir=/usr/lib --without-included-gettext --enable-threads=posix --libdir=/usr/lib --enable-nls --enable-bootstrap --enable-clocale=gnu --enable-libstdcxx-debug --enable-libstdcxx-time=yes --with-default-libstdcxx-abi=new --enable-gnu-unique-object --disable-vtable-verify --enable-libmpx --enable-plugin --enable-default-pie --with-system-zlib --with-target-system-zlib --enable-objc-gc=auto --enable-multiarch --disable-werror --with-arch-32=i686 --with-abi=m64 --with-multilib-list=m32,m64,mx32 --enable-multilib --with-tune=generic --enable-offload-targets=nvptx-none --without-cuda-driver --enable-checking=release --build=x86_64-linux-gnu --host=x86_64-linux-gnu --target=x86_64-linux-gnu
Thread model: posix
gcc version 7.5.0 (Ubuntu 7.5.0-3ubuntu1~18.04) 
configure:3304: $? = 0
configure:3293: gcc -V >&5
gcc: error: unrecognized command line option '-V'
gcc: fatal error: no input files
compilation terminated.
configure:3304: $? = 1
configure:3293: gcc -qversion >&5
gcc: error: unrecognized command line option '-qversion'; did you mean '--version'?
gcc: fatal error: no input files
compilation terminated.
configure:3304: $? = 1
configure:3324: checking whether the C compiler works
configure:3346: gcc    conftest.c  >&5
configure:3350: $? = 0
configure:3398: result: yes
configure:3401: checking for C compiler default output file name
configure:3403: result: a.out
configure:3409: checking for suffix of executables
configure:3416: gcc -o conftest    conftest.c  >&5
configure:3420: $? = 0
configure:3442: result: 
configure:3464: checking whether we are cross compiling
configure:3472: gcc -o conftest    conftest.c  >&5
configure:3476: $? = 0
configure:3483: ./conftest
configure:3487: $? = 0
configure:3502: result: no
configure:3507: checking for suffix of object files
configure:3529: gcc -c   conftest.c >&5
configure:3533: $? = 0
configure:3554: result: o
configure:3558: checking whether we are using the GNU C compiler
configure:3577: gcc -c   conftest.c >&5
configure:3577: $? = 0
configure:3586: result: yes
configure:3595: checking whether gcc accepts -g
configure:3615: gcc -c -g  conftest.c >&5
configure:3615: $? = 0
configure:3656: result: yes
configure:3673: checking for gcc option to accept ISO C89
configure:3736: gcc  -c -g -O2  conftest.c >&5
configure:3736: $? = 0
configure:3749: result: none needed
configure:3774: checking whether gcc understands -c and -o together
configure:3796: gcc -c conftest.c -o conftest2.o
configure:3799: $? = 0
configure:3796: gcc -c conftest.c -o conftest2.o
configure:3799: $? = 0
configure:3811: result: yes
configure:3830: checking dependency style of gcc
configure:3941: result: gcc3
configure:3966: checking dependency style of gcc
configure:4075: result: gcc3
configure:4136: checking how to print strings
configure:4163: result: printf
configure:4184: checking for a sed that does not truncate output
configure:4248: result: /bin/sed
configure:4266: checking for grep that handles long lines and -e
configure:4324: result: /bin/grep
configure:4329: checking for egrep
configure:4391: result: /bin/grep -E
configure:4396: checking for fgrep
configure:4458: result: /bin/grep -F
configure:4493: checking for ld used by gcc
configure:4560: result: /usr/bin/ld
configure:4567: checking if the linker (/usr/bin/ld) is GNU ld
configure:4582: result: yes
configure:4594: checking for BSD- or MS-compatible name lister (nm)
configure:4648: result: /usr/bin/nm -B
configure:4778: checking the name lister (/usr/bin/nm -B) interface
configure:4785: gcc -c -g -O2  conftest.c >&5
configure:4788: /usr/bin/nm -B "conftest.o"
configure:4791: output
0000000000000000 B some_variable
configure:4798: result: BSD nm
configure:4801: checking whether ln -s works
configure:4805: result: yes
configure:4813: checking the maximum length of command line arguments
configure:4944: result: 1572864
configure:4992: checking how to convert x86_64-unknown-linux-gnu file names to x86_64-unknown-linux-gnu format
configure:5032: result: func_convert_file_noop
configure:5039: checking how to convert x86_64-unknown-linux-gnu file names to toolchain format
configure:5059: result: func_convert_file_noop
configure:5066: checking for /usr/bin/ld option to reload object files
configure:5073: result: -r
configure:5147: checking for objdump
configure:5163: found /usr/bin/objdump
configure:5174: result: objdump
configure:5206: checking how to recognize dependent libraries
configure:5406: result: pass_all
configure:5491: checking for dlltool
configure:5521: result: no
configure:5551: checking how to associate runtime and link libraries
configure:5578: result: printf %s\n
configure:5639: checking for ar
configure:5655: found /usr/bin/ar
configure:5666: result: ar
configure:5703: checking for archiver @FILE support
configure:5720: gcc -c -g -O2  conftest.c >&5
configure:5720: $? = 0
configure:5723: ar cru libconftest.a @conftest.lst >&5
ar: `u' modifier ignored since `D' is the default (see `U')
configure:5726: $? = 0
configure:5731: ar cru libconftest.a @conftest.lst >&5
ar: `u' modifier ignored since `D' is the default (see `U')
ar: conftest.o: No such file or directory
configure:5734: $? = 1
configure:5746: result: @
configure:5804: checking for strip
configure:5820: found /usr/bin/strip
configure:5831: result: strip
configure:5903: checking for ranlib
configure:5919: found /usr/bin/ranlib
configure:5930: result: ranlib
configure:6032: checking command to parse /usr/bin/nm -B output from gcc object
configure:6185: gcc -c -g -O2  conftest.c >&5
configure:6188: $? = 0
configure:6192: /usr/bin/nm -B conftest.o \| sed -n -e 's/^.*[ ]\([ABCDGIRSTW][ABCDGIRSTW]*\)[ ][ ]*\([_A-Za-z][_A-Za-z0-9]*\)$/\1 \2 \2/p' | sed '/ __gnu_lto/d' \> conftest.nm
configure:6195: $? = 0
configure:6261: gcc -o conftest -g -O2   conftest.c conftstm.o >&5
configure:6264: $? = 0
configure:6302: result: ok
configure:6349: checking for sysroot
configure:6379: result: no
configure:6386: checking for a working dd
configure:6424: result: /bin/dd
configure:6428: checking how to truncate binary pipes
configure:6443: result: /bin/dd bs=4096 count=1
configure:6579: gcc -c -g -O2  conftest.c >&5
configure:6582: $? = 0
configure:6772: checking for mt
configure:6802: result: no
configure:6822: checking if : is a manifest tool
configure:6828: : '-?'
configure:6836: result: no
configure:7513: checking how to run the C preprocessor
configure:7544: gcc -E  conftest.c
configure:7544: $? = 0
configure:7558: gcc -E  conftest.c
conftest.c:11:10: fatal error: ac_nonexistent.h: No such file or directory
 #include <ac_nonexistent.h>
          ^~~~~~~~~~~~~~~~~~
compilation terminated.
configure:7558: $? = 1
configure: failed program was:
| /* confdefs.h */
| #define PACKAGE_NAME "libatomic_ops"
| #define PACKAGE_TARNAME "libatomic_ops"
| #define PACKAGE_VERSION "7.6.2"
| #define PACKAGE_STRING "libatomic_ops 7.6.2"
| #define PACKAGE_BUGREPORT "https://github.com/ivmai/libatomic_ops/issues"
| #define PACKAGE_URL ""
| #define PACKAGE "libatomic_ops"
| #define VERSION "7.6.2"
| /* end confdefs.h.  */
| #include <ac_nonexistent.h>
configure:7583: result: gcc -E
configure:7603: gcc -E  conftest.c
configure:7603: $? = 0
configure:7617: gcc -E  conftest.c
conftest.c:11:10: fatal error: ac_nonexistent.h: No such file or directory
 #include <ac_nonexistent.h>
          ^~~~~~~~~~~~~~~~~~
compilation terminated.
configure:7617: $? = 1
configure: failed program was:
| /* confdefs.h */
| #define PACKAGE_NAME "libatomic_ops"
| #define PACKAGE_TARNAME "libatomic_ops"
| #define PACKAGE_VERSION "7.6.2"
| #define PACKAGE_STRING "libatomic_ops 7.6.2"
| #define PACKAGE_BUGREPORT "https://github.com/ivmai/libatomic_ops/issues"
| #define PACKAGE_URL ""
| #define PACKAGE "libatomic_ops"
| #define VERSION "7.6.2"
| /* end confdefs.h.  */
| #include <ac_nonexistent.h>
configure:7646: checking for ANSI C header files
configure:7666: gcc -c -g -O2  conftest.c >&5
configure:7666: $? = 0
configure:7739: gcc -o conftest -g -O2   conftest.c  >&5
configure:7739: $? = 0
configure:7739: ./conftest
configure:7739: $? = 0
configure:7750: result: yes
configure:7763: checking for sys/types.h
configure:7763: gcc -c -g -O2  conftest.c >&5
configure:7763: $? = 0
configure:7763: result: yes
configure:7763: checking for sys/stat.h
configure:7763: gcc -c -g -O2  conftest.c >&5
configure:7763: $? = 0
configure:7763: result: yes
configure:7763: checking for stdlib.h
configure:7763: gcc -c -g -O2  conftest.c >&5
configure:7763: $? = 0
configure:7763: result: yes
configure:7763: checking for string.h
configure:7763: gcc -c -g -O2  conftest.c >&5
configure:7763: $? = 0
configure:7763: result: yes
configure:7763: checking for memory.h
configure:7763: gcc -c -g -O2  conftest.c >&5
configure:7763: $? = 0
configure:7763: result: yes
configure:7763: checking for strings.h
configure:7763: gcc -c -g -O2  conftest.c >&5
configure:7763: $? = 0
configure:7763: result: yes
configure:7763: checking for inttypes.h
configure:7763: gcc -c -g -O2  conftest.c >&5
configure:7763: $? = 0
configure:7763: result: yes
configure:7763: checking for stdint.h
configure:7763: gcc -c -g -O2  conftest.c >&5
configure:7763: $? = 0
configure:7763: result: yes
configure:7763: checking for unistd.h
configure:7763: gcc -c -g -O2  conftest.c >&5
configure:7763: $? = 0
configure:7763: result: yes
configure:7777: checking for dlfcn.h
configure:7777: gcc -c -g -O2  conftest.c >&5
configure:7777: $? = 0
configure:7777: result: yes
configure:8032: checking for objdir
configure:8047: result: .libs
configure:8311: checking if gcc supports -fno-rtti -fno-exceptions
configure:8329: gcc -c -g -O2  -fno-rtti -fno-exceptions conftest.c >&5
cc1: warning: command line option '-fno-rtti' is valid for C++/ObjC++ but not for C
configure:8333: $? = 0
configure:8346: result: no
configure:8704: checking for gcc option to produce PIC
configure:8711: result: -fPIC -DPIC
configure:8719: checking if gcc PIC flag -fPIC -DPIC works
configure:8737: gcc -c -g -O2  -fPIC -DPIC -DPIC conftest.c >&5
configure:8741: $? = 0
configure:8754: result: yes
configure:8783: checking if gcc static flag -static works
configure:8811: result: yes
configure:8826: checking if gcc supports -c -o file.o
configure:8847: gcc -c -g -O2  -o out/conftest2.o conftest.c >&5
configure:8851: $? = 0
configure:8873: result: yes
configure:8881: checking if gcc supports -c -o file.o
configure:8928: result: yes
configure:8961: checking whether the gcc linker (/usr/bin/ld -m elf_x86_64) supports shared libraries
configure:10220: result: yes
configure:10460: checking dynamic linker characteristics
configure:11041: gcc -o conftest -g -O2   -Wl,-rpath -Wl,/foo conftest.c  >&5
configure:11041: $? = 0
configure:11278: result: GNU/Linux ld.so
configure:11400: checking how to hardcode library paths into programs
configure:11425: result: immediate
configure:11973: checking whether stripping libraries is possible
configure:11978: result: yes
configure:12013: checking if libtool supports shared libraries
configure:12015: result: yes
configure:12018: checking whether to build shared libraries
configure:12043: result: no
configure:12046: checking whether to build static libraries
configure:12050: result: yes
configure:12095: checking for stdlib.h
configure:12095: result: yes
configure:12095: checking for unistd.h
configure:12095: result: yes
configure:12095: checking for sys/param.h
configure:12095: gcc -c -g -O2  conftest.c >&5
configure:12095: $? = 0
configure:12095: result: yes
configure:12115: checking for getpagesize
configure:12115: gcc -o conftest -g -O2   conftest.c  >&5
configure:12115: $? = 0
configure:12115: result: yes
configure:12124: checking for working mmap
configure:12271: gcc -o conftest -g -O2   conftest.c  >&5
configure:12271: $? = 0
configure:12271: ./conftest
configure:12271: $? = 0
configure:12281: result: yes
configure:12294: checking for PIC compiler flag
configure:12309: result: -fPIC
configure:12312: checking whether -fPIC compiler option causes __PIC__ definition
configure:12332: gcc -c -fPIC -g -O2  conftest.c >&5
configure:12332: $? = 0
configure:12339: result: yes
configure:12350: checking whether compiler supports -Wextra
configure:12365: gcc -c -Wextra -g -O2  conftest.c >&5
configure:12365: $? = 0
configure:12372: result: yes
configure:12379: checking whether compiler supports -Wpedantic
configure:12395: gcc -c -Wpedantic -Wno-long-long -g -O2  conftest.c >&5
configure:12395: $? = 0
configure:12402: result: yes
configure:12531: checking for pthread_self in -lpthread
configure:12556: gcc -o conftest -Wall -Wextra -Wpedantic -Wno-long-long -g -O2   conftest.c -lpthread   >&5
configure:12556: $? = 0
configure:12565: result: yes
configure:12734: checking that generated files are newer than configure
configure:12740: result: done
configure:12783: creating ./config.status

## ---------------------- ##
## Running config.status. ##
## ---------------------- ##

This file was extended by libatomic_ops config.status 7.6.2, which was
generated by GNU Autoconf 2.69.  Invocation command line was

  CONFIG_FILES    = 
  CONFIG_HEADERS  = 
  CONFIG_LINKS    = 
  CONFIG_COMMANDS = 
  $ ./config.status 

on buildkitsandbox

config.status:1122: creating Makefile
config.status:1122: creating doc/Makefile
config.status:1122: creating src/Makefile
config.status:1122: creating tests/Makefile
config.status:1122: creating pkgconfig/atomic_ops.pc
config.status:1122: creating pkgconfig/atomic_ops-uninstalled.pc
config.status:1122: creating src/config.h
config.status:1351: executing depfiles commands
config.status:1351: executing libtool commands
config.status:1351: executing default commands

## ---------------- ##
## Cache variables. ##
## ---------------- ##

ac_cv_build=x86_64-unknown-linux-gnu
ac_cv_c_compiler_gnu=yes
ac_cv_cc_pedantic=yes
ac_cv_cc_wextra=yes
ac_cv_env_CCASFLAGS_set=
ac_cv_env_CCASFLAGS_value=
ac_cv_env_CCAS_set=
ac_cv_env_CCAS_value=
ac_cv_env_CC_set=
ac_cv_env_CC_value=
ac_cv_env_CFLAGS_set=
ac_cv_env_CFLAGS_value=
ac_cv_env_CPPFLAGS_set=
ac_cv_env_CPPFLAGS_value=
ac_cv_env_CPP_set=
ac_cv_env_CPP_value=
ac_cv_env_LDFLAGS_set=
ac_cv_env_LDFLAGS_value=
ac_cv_env_LIBS_set=
ac_cv_env_LIBS_value=
ac_cv_env_LT_SYS_LIBRARY_PATH_set=
ac_cv_env_LT_SYS_LIBRARY_PATH_value=
ac_cv_env_build_alias_set=
ac_cv_env_build_alias_value=
ac_cv_env_host_alias_set=
ac_cv_env_host_alias_value=
ac_cv_env_target_alias_set=
ac_cv_env_target_alias_value=
ac_cv_func_getpagesize=yes
ac_cv_func_mmap_fixed_mapped=yes
ac_cv_header_dlfcn_h=yes
ac_cv_header_inttypes_h=yes
ac_cv_header_memory_h=yes
ac_cv_header_stdc=yes
ac_cv_header_stdint_h=yes
ac_cv_header_stdlib_h=yes
ac_cv_header_string_h=yes
ac_cv_header_strings_h=yes
ac_cv_header_sys_param_h=yes
ac_cv_header_sys_stat_h=yes
ac_cv_header_sys_types_h=yes
ac_cv_header_unistd_h=yes
ac_cv_host=x86_64-unknown-linux-gnu
ac_cv_lib_pthread_pthread_self=yes
ac_cv_objext=o
ac_cv_path_EGREP='/bin/grep -E'
ac_cv_path_FGREP='/bin/grep -F'
ac_cv_path_GREP=/bin/grep
ac_cv_path_SED=/bin/sed
ac_cv_path_install='/usr/bin/install -c'
ac_cv_path_lt_DD=/bin/dd
ac_cv_path_mkdir=/bin/mkdir
ac_cv_pic_macro=yes
ac_cv_prog_AWK=mawk
ac_cv_prog_CPP='gcc -E'
ac_cv_prog_ac_ct_AR=ar
ac_cv_prog_ac_ct_CC=gcc
ac_cv_prog_ac_ct_OBJDUMP=objdump
ac_cv_prog_ac_ct_RANLIB=ranlib
ac_cv_prog_ac_ct_STRIP=strip
ac_cv_prog_cc_c89=
ac_cv_prog_cc_g=yes
ac_cv_prog_make_make_set=yes
ac_cv_target=x86_64-unknown-linux-gnu
am_cv_CCAS_dependencies_compiler_type=gcc3
am_cv_CC_dependencies_compiler_type=gcc3
am_cv_make_support_nested_variables=yes
am_cv_prog_cc_c_o=yes
lt_cv_ar_at_file=@
lt_cv_deplibs_check_method=pass_all
lt_cv_file_magic_cmd='$MAGIC_CMD'
lt_cv_file_magic_test_file=
lt_cv_ld_reload_flag=-r
lt_cv_nm_interface='BSD nm'
lt_cv_objdir=.libs
lt_cv_path_LD=/usr/bin/ld
lt_cv_path_NM='/usr/bin/nm -B'
lt_cv_path_mainfest_tool=no
lt_cv_prog_compiler_c_o=yes
lt_cv_prog_compiler_pic='-fPIC -DPIC'
lt_cv_prog_compiler_pic_works=yes
lt_cv_prog_compiler_rtti_exceptions=no
lt_cv_prog_compiler_static_works=yes
lt_cv_prog_gnu_ld=yes
lt_cv_sharedlib_from_linklib_cmd='printf %s\n'
lt_cv_shlibpath_overrides_runpath=yes
lt_cv_sys_global_symbol_pipe='sed -n -e '\''s/^.*[	 ]\([ABCDGIRSTW][ABCDGIRSTW]*\)[	 ][	 ]*\([_A-Za-z][_A-Za-z0-9]*\)$/\1 \2 \2/p'\'' | sed '\''/ __gnu_lto/d'\'''
lt_cv_sys_global_symbol_to_c_name_address='sed -n -e '\''s/^: \(.*\) .*$/  {"\1", (void *) 0},/p'\'' -e '\''s/^[ABCDGIRSTW][ABCDGIRSTW]* .* \(.*\)$/  {"\1", (void *) \&\1},/p'\'''
lt_cv_sys_global_symbol_to_c_name_address_lib_prefix='sed -n -e '\''s/^: \(.*\) .*$/  {"\1", (void *) 0},/p'\'' -e '\''s/^[ABCDGIRSTW][ABCDGIRSTW]* .* \(lib.*\)$/  {"\1", (void *) \&\1},/p'\'' -e '\''s/^[ABCDGIRSTW][ABCDGIRSTW]* .* \(.*\)$/  {"lib\1", (void *) \&\1},/p'\'''
lt_cv_sys_global_symbol_to_cdecl='sed -n -e '\''s/^T .* \(.*\)$/extern int \1();/p'\'' -e '\''s/^[ABCDGIRSTW][ABCDGIRSTW]* .* \(.*\)$/extern char \1;/p'\'''
lt_cv_sys_global_symbol_to_import=
lt_cv_sys_max_cmd_len=1572864
lt_cv_to_host_file_cmd=func_convert_file_noop
lt_cv_to_tool_file_cmd=func_convert_file_noop
lt_cv_truncate_bin='/bin/dd bs=4096 count=1'

## ----------------- ##
## Output variables. ##
## ----------------- ##

ACLOCAL='${SHELL} /home/student/runtime/gc-7.6.4/libatomic_ops/missing aclocal-1.15'
AMDEPBACKSLASH='\'
AMDEP_FALSE='#'
AMDEP_TRUE=''
AMTAR='$${TAR-tar}'
AM_BACKSLASH='\'
AM_DEFAULT_V='$(AM_DEFAULT_VERBOSITY)'
AM_DEFAULT_VERBOSITY='1'
AM_V='$(V)'
AR='ar'
AUTOCONF='${SHELL} /home/student/runtime/gc-7.6.4/libatomic_ops/missing autoconf'
AUTOHEADER='${SHELL} /home/student/runtime/gc-7.6.4/libatomic_ops/missing autoheader'
AUTOMAKE='${SHELL} /home/student/runtime/gc-7.6.4/libatomic_ops/missing automake-1.15'
AWK='mawk'
CC='gcc'
CCAS='gcc'
CCASDEPMODE='depmode=gcc3'
CCASFLAGS='-g -O2'
CCDEPMODE='depmode=gcc3'
CFLAGS='-Wall -Wextra -Wpedantic -Wno-long-long -g -O2'
CFLAGS_EXTRA=''
CPP='gcc -E'
CPPFLAGS=''
CYGPATH_W='echo'
DEFS='-DHAVE_CONFIG_H'
DEPDIR='.deps'
DLLTOOL='false'
DSYMUTIL=''
DUMPBIN=''
ECHO_C=''
ECHO_N='-n'
ECHO_T=''
EGREP='/bin/grep -E'
ENABLE_DOCS_FALSE='#'
ENABLE_DOCS_TRUE=''
EXEEXT=''
FGREP='/bin/grep -F'
GREP='/bin/grep'
HAVE_PTHREAD_H_FALSE='#'
HAVE_PTHREAD_H_TRUE=''
INSTALL_DATA='${INSTALL} -m 644'
INSTALL_PROGRAM='${INSTALL}'
INSTALL_SCRIPT='${INSTALL}'
INSTALL_STRIP_PROGRAM='$(install_sh) -c -s'
LD='/usr/bin/ld -m elf_x86_64'
LDFLAGS=''
LIBOBJS=''
LIBS=''
LIBTOOL='$(SHELL) $(top_builddir)/libtool'
LIPO=''
LN_S='ln -s'
LTLIBOBJS=''
LT_SYS_LIBRARY_PATH=''
MAINT='#'
MAINTAINER_MODE_FALSE=''
MAINTAINER_MODE_TRUE='#'
MAKEINFO='${SHELL} /home/student/runtime/gc-7.6.4/libatomic_ops/missing makeinfo'
MANIFEST_TOOL=':'
MKDIR_P='/bin/mkdir -p'
NEED_ASM_FALSE=''
NEED_ASM_TRUE='#'
NM='/usr/bin/nm -B'
NMEDIT=''
OBJDUMP='objdump'
OBJEXT='o'
OTOOL64=''
OTOOL=''
PACKAGE='libatomic_ops'
PACKAGE_BUGREPORT='https://github.com/ivmai/libatomic_ops/issues'
PACKAGE_NAME='libatomic_ops'
PACKAGE_STRING='libatomic_ops 7.6.2'
PACKAGE_TARNAME='libatomic_ops'
PACKAGE_URL=''
PACKAGE_VERSION='7.6.2'
PATH_SEPARATOR=':'
PICFLAG='-fPIC'
RANLIB='ranlib'
SED='/bin/sed'
SET_MAKE=''
SHELL='/bin/bash'
STRIP='strip'
THREADDLLIBS='-lpthread'
VERSION='7.6.2'
ac_ct_AR='ar'
ac_ct_CC='gcc'
ac_ct_DUMPBIN=''
am__EXEEXT_FALSE=''
am__EXEEXT_TRUE='#'
am__fastdepCCAS_FALSE='#'
am__fastdepCCAS_TRUE=''
am__fastdepCC_FALSE='#'
am__fastdepCC_TRUE=''
am__include='include'
am__isrc=''
am__leading_dot='.'
am__nodep='_no'
am__quote=''
am__tar='$${TAR-tar} chof - "$$tardir"'
am__untar='$${TAR-tar} xf -'
bindir='${exec_prefix}/bin'
build='x86_64-unknown-linux-gnu'
build_alias=''
build_cpu='x86_64'
build_os='linux-gnu'
build_vendor='unknown'
datadir='${datarootdir}'
datarootdir='${prefix}/share'
docdir='${datarootdir}/doc/${PACKAGE_TARNAME}'
dvidir='${docdir}'
exec_prefix='${prefix}'
host='x86_64-unknown-linux-gnu'
host_alias=''
host_cpu='x86_64'
host_os='linux-gnu'
host_vendor='unknown'
htmldir='${docdir}'
includedir='${prefix}/include'
infodir='${datarootdir}/info'
install_sh='${SHELL} /home/student/runtime/gc-7.6.4/libatomic_ops/install-sh'
libdir='${exec_prefix}/lib'
libexecdir='${exec_prefix}/libexec'
localedir='${datarootdir}/locale'
localstatedir='${prefix}/var'
mandir='${datarootdir}/man'
mkdir_p='$(MKDIR_P)'
oldincludedir='/usr/include'
pdfdir='${docdir}'
prefix='/usr/local'
program_transform_name='s,x,x,'
psdir='${docdir}'
sbindir='${exec_prefix}/sbin'
sharedstatedir='${prefix}/com'
sysconfdir='${prefix}/etc'
target='x86_64-unknown-linux-gnu'
target_alias=''
target_cpu='x86_64'
target_os='linux-gnu'
target_vendor='unknown'

## ----------- ##
## confdefs.h. ##
## ----------- ##

/* confdefs.h */
#define PACKAGE_NAME "libatomic_ops"
#define PACKAGE_TARNAME "libatomic_ops"
#define PACKAGE_VERSION "7.6.2"
#define PACKAGE_STRING "libatomic_ops 7.6.2"
#define PACKAGE_BUGREPORT "https://github.com/ivmai/libatomic_ops/issues"
#define PACKAGE_URL ""
#define PACKAGE "libatomic_ops"
#define VERSION "7.6.2"
#define STDC_HEADERS 1
#define HAVE_SYS_TYPES_H 1
#define HAVE_SYS_STAT_H 1
#define HAVE_STDLIB_H 1
#define HAVE_STRING_H 1
#define HAVE_MEMORY_H 1
#define HAVE_STRINGS_H 1
#define HAVE_INTTYPES_H 1
#define HAVE_STDINT_H 1
#define HAVE_UNISTD_H 1
#define HAVE_DLFCN_H 1
#define LT_OBJDIR ".libs/"
#define HAVE_STDLIB_H 1
#define HAVE_UNISTD_H 1
#define HAVE_SYS_PARAM_H 1
#define HAVE_GETPAGESIZE 1
#define HAVE_MMAP 1
#define NDEBUG 1
#define _REENTRANT 1

configure: exit 0
