This file contains any messages produced by compilers while
running configure, to aid debugging if configure makes a mistake.

It was created by gc configure 7.6.4, which was
generated by GNU Autoconf 2.69.  Invocation command line was

  $ ./configure 

## --------- ##
## Platform. ##
## --------- ##

hostname = buildkitsandbox
uname -m = x86_64
uname -r = 6.2.6-gentoo
uname -s = Linux
uname -v = #1 SMP Tue Mar 14 11:30:47 EDT 2023

/usr/bin/uname -p = unknown
/bin/uname -X     = unknown

/bin/arch              = unknown
/usr/bin/arch -k       = unknown
/usr/convex/getsysinfo = unknown
/usr/bin/hostinfo      = unknown
/bin/machine           = unknown
/usr/bin/oslevel       = unknown
/bin/universe          = unknown

PATH: /home/student/.opam/4.12.0/bin
PATH: /usr/local/sbin
PATH: /usr/local/bin
PATH: /usr/sbin
PATH: /usr/bin
PATH: /sbin
PATH: /bin


## ----------- ##
## Core tests. ##
## ----------- ##

configure:2525: checking build system type
configure:2539: result: x86_64-unknown-linux-gnu
configure:2559: checking host system type
configure:2572: result: x86_64-unknown-linux-gnu
configure:2592: checking target system type
configure:2605: result: x86_64-unknown-linux-gnu
configure:2633: checking GC version numbers
configure:2664: result: major=7 minor=6                 micro=4
configure:2684: checking for a BSD-compatible install
configure:2752: result: /usr/bin/install -c
configure:2763: checking whether build environment is sane
configure:2818: result: yes
configure:2969: checking for a thread-safe mkdir -p
configure:3008: result: /bin/mkdir -p
configure:3015: checking for gawk
configure:3045: result: no
configure:3015: checking for mawk
configure:3031: found /usr/bin/mawk
configure:3042: result: mawk
configure:3053: checking whether make sets $(MAKE)
configure:3075: result: yes
configure:3104: checking whether make supports nested variables
configure:3121: result: yes
configure:3250: checking whether to enable maintainer-specific portions of Makefiles
configure:3259: result: no
configure:3288: checking for style of include used by make
configure:3316: result: GNU
configure:3387: checking for gcc
configure:3403: found /usr/bin/gcc
configure:3414: result: gcc
configure:3643: checking for C compiler version
configure:3652: gcc --version >&5
gcc (Ubuntu 7.5.0-3ubuntu1~18.04) 7.5.0
Copyright (C) 2017 Free Software Foundation, Inc.
This is free software; see the source for copying conditions.  There is NO
warranty; not even for MERCHANTABILITY or FITNESS FOR A PARTICULAR PURPOSE.

configure:3663: $? = 0
configure:3652: gcc -v >&5
Using built-in specs.
COLLECT_GCC=gcc
COLLECT_LTO_WRAPPER=/usr/lib/gcc/x86_64-linux-gnu/7/lto-wrapper
OFFLOAD_TARGET_NAMES=nvptx-none
OFFLOAD_TARGET_DEFAULT=1
Target: x86_64-linux-gnu
Configured with: ../src/configure -v --with-pkgversion='Ubuntu 7.5.0-3ubuntu1~18.04' --with-bugurl=file:///usr/share/doc/gcc-7/README.Bugs --enable-languages=c,ada,c++,go,brig,d,fortran,objc,obj-c++ --prefix=/usr --with-gcc-major-version-only --program-suffix=-7 --program-prefix=x86_64-linux-gnu- --enable-shared --enable-linker-build-id --libexecdir=/usr/lib --without-included-gettext --enable-threads=posix --libdir=/usr/lib --enable-nls --enable-bootstrap --enable-clocale=gnu --enable-libstdcxx-debug --enable-libstdcxx-time=yes --with-default-libstdcxx-abi=new --enable-gnu-unique-object --disable-vtable-verify --enable-libmpx --enable-plugin --enable-default-pie --with-system-zlib --with-target-system-zlib --enable-objc-gc=auto --enable-multiarch --disable-werror --with-arch-32=i686 --with-abi=m64 --with-multilib-list=m32,m64,mx32 --enable-multilib --with-tune=generic --enable-offload-targets=nvptx-none --without-cuda-driver --enable-checking=release --build=x86_64-linux-gnu --host=x86_64-linux-gnu --target=x86_64-linux-gnu
Thread model: posix
gcc version 7.5.0 (Ubuntu 7.5.0-3ubuntu1~18.04) 
configure:3663: $? = 0
configure:3652: gcc -V >&5
gcc: error: unrecognized command line option '-V'
gcc: fatal error: no input files
compilation terminated.
configure:3663: $? = 1
configure:3652: gcc -qversion >&5
gcc: error: unrecognized command line option '-qversion'; did you mean '--version'?
gcc: fatal error: no input files
compilation terminated.
configure:3663: $? = 1
configure:3683: checking whether the C compiler works
configure:3705: gcc    conftest.c  >&5
configure:3709: $? = 0
configure:3757: result: yes
configure:3760: checking for C compiler default output file name
configure:3762: result: a.out
configure:3768: checking for suffix of executables
configure:3775: gcc -o conftest    conftest.c  >&5
configure:3779: $? = 0
configure:3801: result: 
configure:3823: checking whether we are cross compiling
configure:3831: gcc -o conftest    conftest.c  >&5
configure:3835: $? = 0
configure:3842: ./conftest
configure:3846: $? = 0
configure:3861: result: no
configure:3866: checking for suffix of object files
configure:3888: gcc -c   conftest.c >&5
configure:3892: $? = 0
configure:3913: result: o
configure:3917: checking whether we are using the GNU C compiler
configure:3936: gcc -c   conftest.c >&5
configure:3936: $? = 0
configure:3945: result: yes
configure:3954: checking whether gcc accepts -g
configure:3974: gcc -c -g  conftest.c >&5
configure:3974: $? = 0
configure:4015: result: yes
configure:4032: checking for gcc option to accept ISO C89
configure:4095: gcc  -c -g -O2  conftest.c >&5
configure:4095: $? = 0
configure:4108: result: none needed
configure:4133: checking whether gcc understands -c and -o together
configure:4155: gcc -c conftest.c -o conftest2.o
configure:4158: $? = 0
configure:4155: gcc -c conftest.c -o conftest2.o
configure:4158: $? = 0
configure:4170: result: yes
configure:4189: checking dependency style of gcc
configure:4300: result: gcc3
configure:4374: checking for g++
configure:4390: found /usr/bin/g++
configure:4401: result: g++
configure:4428: checking for C++ compiler version
configure:4437: g++ --version >&5
g++ (Ubuntu 7.5.0-3ubuntu1~18.04) 7.5.0
Copyright (C) 2017 Free Software Foundation, Inc.
This is free software; see the source for copying conditions.  There is NO
warranty; not even for MERCHANTABILITY or FITNESS FOR A PARTICULAR PURPOSE.

configure:4448: $? = 0
configure:4437: g++ -v >&5
Using built-in specs.
COLLECT_GCC=g++
COLLECT_LTO_WRAPPER=/usr/lib/gcc/x86_64-linux-gnu/7/lto-wrapper
OFFLOAD_TARGET_NAMES=nvptx-none
OFFLOAD_TARGET_DEFAULT=1
Target: x86_64-linux-gnu
Configured with: ../src/configure -v --with-pkgversion='Ubuntu 7.5.0-3ubuntu1~18.04' --with-bugurl=file:///usr/share/doc/gcc-7/README.Bugs --enable-languages=c,ada,c++,go,brig,d,fortran,objc,obj-c++ --prefix=/usr --with-gcc-major-version-only --program-suffix=-7 --program-prefix=x86_64-linux-gnu- --enable-shared --enable-linker-build-id --libexecdir=/usr/lib --without-included-gettext --enable-threads=posix --libdir=/usr/lib --enable-nls --enable-bootstrap --enable-clocale=gnu --enable-libstdcxx-debug --enable-libstdcxx-time=yes --with-default-libstdcxx-abi=new --enable-gnu-unique-object --disable-vtable-verify --enable-libmpx --enable-plugin --enable-default-pie --with-system-zlib --with-target-system-zlib --enable-objc-gc=auto --enable-multiarch --disable-werror --with-arch-32=i686 --with-abi=m64 --with-multilib-list=m32,m64,mx32 --enable-multilib --with-tune=generic --enable-offload-targets=nvptx-none --without-cuda-driver --enable-checking=release --build=x86_64-linux-gnu --host=x86_64-linux-gnu --target=x86_64-linux-gnu
Thread model: posix
gcc version 7.5.0 (Ubuntu 7.5.0-3ubuntu1~18.04) 
configure:4448: $? = 0
configure:4437: g++ -V >&5
g++: error: unrecognized command line option '-V'
g++: fatal error: no input files
compilation terminated.
configure:4448: $? = 1
configure:4437: g++ -qversion >&5
g++: error: unrecognized command line option '-qversion'; did you mean '--version'?
g++: fatal error: no input files
compilation terminated.
configure:4448: $? = 1
configure:4452: checking whether we are using the GNU C++ compiler
configure:4471: g++ -c   conftest.cpp >&5
configure:4471: $? = 0
configure:4480: result: yes
configure:4489: checking whether g++ accepts -g
configure:4509: g++ -c -g  conftest.cpp >&5
configure:4509: $? = 0
configure:4550: result: yes
configure:4575: checking dependency style of g++
configure:4686: result: gcc3
configure:4710: checking dependency style of gcc
configure:4819: result: gcc3
configure:4881: checking how to print strings
configure:4908: result: printf
configure:4929: checking for a sed that does not truncate output
configure:4993: result: /bin/sed
configure:5011: checking for grep that handles long lines and -e
configure:5069: result: /bin/grep
configure:5074: checking for egrep
configure:5136: result: /bin/grep -E
configure:5141: checking for fgrep
configure:5203: result: /bin/grep -F
configure:5238: checking for ld used by gcc
configure:5305: result: /usr/bin/ld
configure:5312: checking if the linker (/usr/bin/ld) is GNU ld
configure:5327: result: yes
configure:5339: checking for BSD- or MS-compatible name lister (nm)
configure:5393: result: /usr/bin/nm -B
configure:5523: checking the name lister (/usr/bin/nm -B) interface
configure:5530: gcc -c -g -O2  conftest.c >&5
configure:5533: /usr/bin/nm -B "conftest.o"
configure:5536: output
0000000000000000 B some_variable
configure:5543: result: BSD nm
configure:5546: checking whether ln -s works
configure:5550: result: yes
configure:5558: checking the maximum length of command line arguments
configure:5689: result: 1572864
configure:5737: checking how to convert x86_64-unknown-linux-gnu file names to x86_64-unknown-linux-gnu format
configure:5777: result: func_convert_file_noop
configure:5784: checking how to convert x86_64-unknown-linux-gnu file names to toolchain format
configure:5804: result: func_convert_file_noop
configure:5811: checking for /usr/bin/ld option to reload object files
configure:5818: result: -r
configure:5892: checking for objdump
configure:5908: found /usr/bin/objdump
configure:5919: result: objdump
configure:5951: checking how to recognize dependent libraries
configure:6151: result: pass_all
configure:6236: checking for dlltool
configure:6266: result: no
configure:6296: checking how to associate runtime and link libraries
configure:6323: result: printf %s\n
configure:6384: checking for ar
configure:6400: found /usr/bin/ar
configure:6411: result: ar
configure:6448: checking for archiver @FILE support
configure:6465: gcc -c -g -O2  conftest.c >&5
configure:6465: $? = 0
configure:6468: ar cru libconftest.a @conftest.lst >&5
ar: `u' modifier ignored since `D' is the default (see `U')
configure:6471: $? = 0
configure:6476: ar cru libconftest.a @conftest.lst >&5
ar: `u' modifier ignored since `D' is the default (see `U')
ar: conftest.o: No such file or directory
configure:6479: $? = 1
configure:6491: result: @
configure:6549: checking for strip
configure:6565: found /usr/bin/strip
configure:6576: result: strip
configure:6648: checking for ranlib
configure:6664: found /usr/bin/ranlib
configure:6675: result: ranlib
configure:6777: checking command to parse /usr/bin/nm -B output from gcc object
configure:6930: gcc -c -g -O2  conftest.c >&5
configure:6933: $? = 0
configure:6937: /usr/bin/nm -B conftest.o \| sed -n -e 's/^.*[ ]\([ABCDGIRSTW][ABCDGIRSTW]*\)[ ][ ]*\([_A-Za-z][_A-Za-z0-9]*\)$/\1 \2 \2/p' | sed '/ __gnu_lto/d' \> conftest.nm
configure:6940: $? = 0
configure:7006: gcc -o conftest -g -O2   conftest.c conftstm.o >&5
configure:7009: $? = 0
configure:7047: result: ok
configure:7094: checking for sysroot
configure:7124: result: no
configure:7131: checking for a working dd
configure:7169: result: /bin/dd
configure:7173: checking how to truncate binary pipes
configure:7188: result: /bin/dd bs=4096 count=1
configure:7324: gcc -c -g -O2  conftest.c >&5
configure:7327: $? = 0
configure:7517: checking for mt
configure:7547: result: no
configure:7567: checking if : is a manifest tool
configure:7573: : '-?'
configure:7581: result: no
configure:8258: checking how to run the C preprocessor
configure:8289: gcc -E  conftest.c
configure:8289: $? = 0
configure:8303: gcc -E  conftest.c
conftest.c:14:10: fatal error: ac_nonexistent.h: No such file or directory
 #include <ac_nonexistent.h>
          ^~~~~~~~~~~~~~~~~~
compilation terminated.
configure:8303: $? = 1
configure: failed program was:
| /* confdefs.h */
| #define PACKAGE_NAME "gc"
| #define PACKAGE_TARNAME "gc"
| #define PACKAGE_VERSION "7.6.4"
| #define PACKAGE_STRING "gc 7.6.4"
| #define PACKAGE_BUGREPORT "https://github.com/ivmai/bdwgc/issues"
| #define PACKAGE_URL ""
| #define GC_VERSION_MAJOR 7
| #define GC_VERSION_MINOR 6
| #define GC_VERSION_MICRO 4
| #define PACKAGE "gc"
| #define VERSION "7.6.4"
| /* end confdefs.h.  */
| #include <ac_nonexistent.h>
configure:8328: result: gcc -E
configure:8348: gcc -E  conftest.c
configure:8348: $? = 0
configure:8362: gcc -E  conftest.c
conftest.c:14:10: fatal error: ac_nonexistent.h: No such file or directory
 #include <ac_nonexistent.h>
          ^~~~~~~~~~~~~~~~~~
compilation terminated.
configure:8362: $? = 1
configure: failed program was:
| /* confdefs.h */
| #define PACKAGE_NAME "gc"
| #define PACKAGE_TARNAME "gc"
| #define PACKAGE_VERSION "7.6.4"
| #define PACKAGE_STRING "gc 7.6.4"
| #define PACKAGE_BUGREPORT "https://github.com/ivmai/bdwgc/issues"
| #define PACKAGE_URL ""
| #define GC_VERSION_MAJOR 7
| #define GC_VERSION_MINOR 6
| #define GC_VERSION_MICRO 4
| #define PACKAGE "gc"
| #define VERSION "7.6.4"
| /* end confdefs.h.  */
| #include <ac_nonexistent.h>
configure:8391: checking for ANSI C header files
configure:8411: gcc -c -g -O2  conftest.c >&5
configure:8411: $? = 0
configure:8484: gcc -o conftest -g -O2   conftest.c  >&5
configure:8484: $? = 0
configure:8484: ./conftest
configure:8484: $? = 0
configure:8495: result: yes
configure:8508: checking for sys/types.h
configure:8508: gcc -c -g -O2  conftest.c >&5
configure:8508: $? = 0
configure:8508: result: yes
configure:8508: checking for sys/stat.h
configure:8508: gcc -c -g -O2  conftest.c >&5
configure:8508: $? = 0
configure:8508: result: yes
configure:8508: checking for stdlib.h
configure:8508: gcc -c -g -O2  conftest.c >&5
configure:8508: $? = 0
configure:8508: result: yes
configure:8508: checking for string.h
configure:8508: gcc -c -g -O2  conftest.c >&5
configure:8508: $? = 0
configure:8508: result: yes
configure:8508: checking for memory.h
configure:8508: gcc -c -g -O2  conftest.c >&5
configure:8508: $? = 0
configure:8508: result: yes
configure:8508: checking for strings.h
configure:8508: gcc -c -g -O2  conftest.c >&5
configure:8508: $? = 0
configure:8508: result: yes
configure:8508: checking for inttypes.h
configure:8508: gcc -c -g -O2  conftest.c >&5
configure:8508: $? = 0
configure:8508: result: yes
configure:8508: checking for stdint.h
configure:8508: gcc -c -g -O2  conftest.c >&5
configure:8508: $? = 0
configure:8508: result: yes
configure:8508: checking for unistd.h
configure:8508: gcc -c -g -O2  conftest.c >&5
configure:8508: $? = 0
configure:8508: result: yes
configure:8522: checking for dlfcn.h
configure:8522: gcc -c -g -O2  conftest.c >&5
configure:8522: $? = 0
configure:8522: result: yes
configure:8789: checking for objdir
configure:8804: result: .libs
configure:9068: checking if gcc supports -fno-rtti -fno-exceptions
configure:9086: gcc -c -g -O2  -fno-rtti -fno-exceptions conftest.c >&5
cc1: warning: command line option '-fno-rtti' is valid for C++/ObjC++ but not for C
configure:9090: $? = 0
configure:9103: result: no
configure:9461: checking for gcc option to produce PIC
configure:9468: result: -fPIC -DPIC
configure:9476: checking if gcc PIC flag -fPIC -DPIC works
configure:9494: gcc -c -g -O2  -fPIC -DPIC -DPIC conftest.c >&5
configure:9498: $? = 0
configure:9511: result: yes
configure:9540: checking if gcc static flag -static works
configure:9568: result: yes
configure:9583: checking if gcc supports -c -o file.o
configure:9604: gcc -c -g -O2  -o out/conftest2.o conftest.c >&5
configure:9608: $? = 0
configure:9630: result: yes
configure:9638: checking if gcc supports -c -o file.o
configure:9685: result: yes
configure:9718: checking whether the gcc linker (/usr/bin/ld -m elf_x86_64) supports shared libraries
configure:10977: result: yes
configure:11014: checking whether -lc should be explicitly linked in
configure:11022: gcc -c -g -O2  conftest.c >&5
configure:11025: $? = 0
configure:11040: gcc -shared  -fPIC -DPIC conftest.o  -v -Wl,-soname -Wl,conftest -o conftest 2\>\&1 \| /bin/grep  -lc  \>/dev/null 2\>\&1
configure:11043: $? = 0
configure:11057: result: no
configure:11217: checking dynamic linker characteristics
configure:11798: gcc -o conftest -g -O2   -Wl,-rpath -Wl,/foo conftest.c  >&5
configure:11798: $? = 0
configure:12035: result: GNU/Linux ld.so
configure:12157: checking how to hardcode library paths into programs
configure:12182: result: immediate
configure:12730: checking whether stripping libraries is possible
configure:12735: result: yes
configure:12770: checking if libtool supports shared libraries
configure:12772: result: yes
configure:12775: checking whether to build shared libraries
configure:12800: result: yes
configure:12803: checking whether to build static libraries
configure:12807: result: yes
configure:12830: checking how to run the C++ preprocessor
configure:12857: g++ -E  conftest.cpp
configure:12857: $? = 0
configure:12871: g++ -E  conftest.cpp
conftest.cpp:26:10: fatal error: ac_nonexistent.h: No such file or directory
 #include <ac_nonexistent.h>
          ^~~~~~~~~~~~~~~~~~
compilation terminated.
configure:12871: $? = 1
configure: failed program was:
| /* confdefs.h */
| #define PACKAGE_NAME "gc"
| #define PACKAGE_TARNAME "gc"
| #define PACKAGE_VERSION "7.6.4"
| #define PACKAGE_STRING "gc 7.6.4"
| #define PACKAGE_BUGREPORT "https://github.com/ivmai/bdwgc/issues"
| #define PACKAGE_URL ""
| #define GC_VERSION_MAJOR 7
| #define GC_VERSION_MINOR 6
| #define GC_VERSION_MICRO 4
| #define PACKAGE "gc"
| #define VERSION "7.6.4"
| #define STDC_HEADERS 1
| #define HAVE_SYS_TYPES_H 1
| #define HAVE_SYS_STAT_H 1
| #define HAVE_STDLIB_H 1
| #define HAVE_STRING_H 1
| #define HAVE_MEMORY_H 1
| #define HAVE_STRINGS_H 1
| #define HAVE_INTTYPES_H 1
| #define HAVE_STDINT_H 1
| #define HAVE_UNISTD_H 1
| #define HAVE_DLFCN_H 1
| #define LT_OBJDIR ".libs/"
| /* end confdefs.h.  */
| #include <ac_nonexistent.h>
configure:12896: result: g++ -E
configure:12916: g++ -E  conftest.cpp
configure:12916: $? = 0
configure:12930: g++ -E  conftest.cpp
conftest.cpp:26:10: fatal error: ac_nonexistent.h: No such file or directory
 #include <ac_nonexistent.h>
          ^~~~~~~~~~~~~~~~~~
compilation terminated.
configure:12930: $? = 1
configure: failed program was:
| /* confdefs.h */
| #define PACKAGE_NAME "gc"
| #define PACKAGE_TARNAME "gc"
| #define PACKAGE_VERSION "7.6.4"
| #define PACKAGE_STRING "gc 7.6.4"
| #define PACKAGE_BUGREPORT "https://github.com/ivmai/bdwgc/issues"
| #define PACKAGE_URL ""
| #define GC_VERSION_MAJOR 7
| #define GC_VERSION_MINOR 6
| #define GC_VERSION_MICRO 4
| #define PACKAGE "gc"
| #define VERSION "7.6.4"
| #define STDC_HEADERS 1
| #define HAVE_SYS_TYPES_H 1
| #define HAVE_SYS_STAT_H 1
| #define HAVE_STDLIB_H 1
| #define HAVE_STRING_H 1
| #define HAVE_MEMORY_H 1
| #define HAVE_STRINGS_H 1
| #define HAVE_INTTYPES_H 1
| #define HAVE_STDINT_H 1
| #define HAVE_UNISTD_H 1
| #define HAVE_DLFCN_H 1
| #define LT_OBJDIR ".libs/"
| /* end confdefs.h.  */
| #include <ac_nonexistent.h>
configure:13092: checking for ld used by g++
configure:13159: result: /usr/bin/ld -m elf_x86_64
configure:13166: checking if the linker (/usr/bin/ld -m elf_x86_64) is GNU ld
configure:13181: result: yes
configure:13236: checking whether the g++ linker (/usr/bin/ld -m elf_x86_64) supports shared libraries
configure:14309: result: yes
configure:14345: g++ -c -g -O2  conftest.cpp >&5
configure:14348: $? = 0
configure:14829: checking for g++ option to produce PIC
configure:14836: result: -fPIC -DPIC
configure:14844: checking if g++ PIC flag -fPIC -DPIC works
configure:14862: g++ -c -g -O2  -fPIC -DPIC -DPIC conftest.cpp >&5
configure:14866: $? = 0
configure:14879: result: yes
configure:14902: checking if g++ static flag -static works
configure:14930: result: yes
configure:14942: checking if g++ supports -c -o file.o
configure:14963: g++ -c -g -O2  -o out/conftest2.o conftest.cpp >&5
configure:14967: $? = 0
configure:14989: result: yes
configure:14994: checking if g++ supports -c -o file.o
configure:15041: result: yes
configure:15071: checking whether the g++ linker (/usr/bin/ld -m elf_x86_64) supports shared libraries
configure:15111: result: yes
configure:15252: checking dynamic linker characteristics
configure:15997: result: GNU/Linux ld.so
configure:16062: checking how to hardcode library paths into programs
configure:16087: result: immediate
configure:16214: checking for thread model used by GCC
configure:16228: result: posix
configure:16282: checking for inline
configure:16298: gcc -c -g -O2   conftest.c >&5
configure:16298: $? = 0
configure:16306: result: inline
configure:16335: checking for pthread_self in -lpthread
configure:16360: gcc -o conftest -g -O2   conftest.c -lpthread   >&5
configure:16360: $? = 0
configure:16369: result: yes
configure:16388: WARNING: "Explicit GC_INIT() calls may be required."
configure:16712: checking whether compiler supports -Wextra
configure:16727: gcc -c -Wextra -g -O2  conftest.c >&5
configure:16727: $? = 0
configure:16734: result: yes
configure:16741: checking whether compiler supports -Wpedantic
configure:16757: gcc -c -Wpedantic -Wno-long-long -g -O2  conftest.c >&5
configure:16757: $? = 0
configure:16764: result: yes
configure:16773: checking for xlc
configure:16790: gcc -c -Wall -Wextra -Wpedantic -Wno-long-long -g -O2  conftest.c >&5
conftest.c: In function 'main':
conftest.c:36:4: error: #error 
  # error
    ^~~~~
configure:16790: $? = 1
configure: failed program was:
| /* confdefs.h */
| #define PACKAGE_NAME "gc"
| #define PACKAGE_TARNAME "gc"
| #define PACKAGE_VERSION "7.6.4"
| #define PACKAGE_STRING "gc 7.6.4"
| #define PACKAGE_BUGREPORT "https://github.com/ivmai/bdwgc/issues"
| #define PACKAGE_URL ""
| #define GC_VERSION_MAJOR 7
| #define GC_VERSION_MINOR 6
| #define GC_VERSION_MICRO 4
| #define PACKAGE "gc"
| #define VERSION "7.6.4"
| #define STDC_HEADERS 1
| #define HAVE_SYS_TYPES_H 1
| #define HAVE_SYS_STAT_H 1
| #define HAVE_STDLIB_H 1
| #define HAVE_STRING_H 1
| #define HAVE_MEMORY_H 1
| #define HAVE_STRINGS_H 1
| #define HAVE_INTTYPES_H 1
| #define HAVE_STDINT_H 1
| #define HAVE_UNISTD_H 1
| #define HAVE_DLFCN_H 1
| #define LT_OBJDIR ".libs/"
| #define GC_LINUX_THREADS 1
| #define _REENTRANT 1
| #define PARALLEL_MARK 1
| #define THREAD_LOCAL_ALLOC 1
| /* end confdefs.h.  */
| 
| int
| main ()
| {
| 
|  #ifndef __xlC__
|  # error
|  #endif
| 
|   ;
|   return 0;
| }
configure:16796: result: no
configure:16818: checking whether compiler supports -fno-strict-aliasing
configure:16844: gcc -c -Wall -Wextra -Wpedantic -Wno-long-long -g -O2 -fno-strict-aliasing  conftest.c >&5
configure:16844: $? = 0
configure:16853: result: yes
configure:16860: checking for getcontext
configure:16860: gcc -o conftest -Wall -Wextra -Wpedantic -Wno-long-long -g -O2 -fno-strict-aliasing   conftest.c  >&5
configure:16860: $? = 0
configure:16860: result: yes
configure:16878: checking for dl_iterate_phdr
configure:16878: gcc -o conftest -Wall -Wextra -Wpedantic -Wno-long-long -g -O2 -fno-strict-aliasing   conftest.c  >&5
configure:16878: $? = 0
configure:16878: result: yes
configure:16902: checking for dlopen in -ldl
configure:16927: gcc -o conftest -Wall -Wextra -Wpedantic -Wno-long-long -g -O2 -fno-strict-aliasing   conftest.c -ldl   >&5
configure:16927: $? = 0
configure:16936: result: yes
configure:16964: checking execinfo.h usability
configure:16964: gcc -c -Wall -Wextra -Wpedantic -Wno-long-long -g -O2 -fno-strict-aliasing  conftest.c >&5
configure:16964: $? = 0
configure:16964: result: yes
configure:16964: checking execinfo.h presence
configure:16964: gcc -E  conftest.c
configure:16964: $? = 0
configure:16964: result: yes
configure:16964: checking for execinfo.h
configure:16964: result: yes
configure:17054: checking whether to build shared libraries
configure:17093: result: yes
configure:17138: checking which machine-dependent code should be used
configure:17179: result: 
configure:17211: checking whether Solaris gcc optimization fix is necessary
configure:17234: result: no
configure:17378: checking for dladdr
configure:17399: gcc -c -Wall -Wextra -Wpedantic -Wno-long-long -g -O2 -fno-strict-aliasing   conftest.c >&5
configure:17399: $? = 0
configure:17404: result: yes
configure:17414: checking sys/dg_sys_info.h usability
configure:17414: gcc -c -Wall -Wextra -Wpedantic -Wno-long-long -g -O2 -fno-strict-aliasing  conftest.c >&5
conftest.c:72:10: fatal error: sys/dg_sys_info.h: No such file or directory
 #include <sys/dg_sys_info.h>
          ^~~~~~~~~~~~~~~~~~~
compilation terminated.
configure:17414: $? = 1
configure: failed program was:
| /* confdefs.h */
| #define PACKAGE_NAME "gc"
| #define PACKAGE_TARNAME "gc"
| #define PACKAGE_VERSION "7.6.4"
| #define PACKAGE_STRING "gc 7.6.4"
| #define PACKAGE_BUGREPORT "https://github.com/ivmai/bdwgc/issues"
| #define PACKAGE_URL ""
| #define GC_VERSION_MAJOR 7
| #define GC_VERSION_MINOR 6
| #define GC_VERSION_MICRO 4
| #define PACKAGE "gc"
| #define VERSION "7.6.4"
| #define STDC_HEADERS 1
| #define HAVE_SYS_TYPES_H 1
| #define HAVE_SYS_STAT_H 1
| #define HAVE_STDLIB_H 1
| #define HAVE_STRING_H 1
| #define HAVE_MEMORY_H 1
| #define HAVE_STRINGS_H 1
| #define HAVE_INTTYPES_H 1
| #define HAVE_STDINT_H 1
| #define HAVE_UNISTD_H 1
| #define HAVE_DLFCN_H 1
| #define LT_OBJDIR ".libs/"
| #define GC_LINUX_THREADS 1
| #define _REENTRANT 1
| #define PARALLEL_MARK 1
| #define THREAD_LOCAL_ALLOC 1
| #define HAVE_GETCONTEXT 1
| #define HAVE_DL_ITERATE_PHDR 1
| #define HAVE_DL_ITERATE_PHDR 1
| #define HAVE_EXECINFO_H 1
| #define NO_EXECUTE_PERMISSION 1
| #define ALL_INTERIOR_POINTERS 1
| #define GC_GCJ_SUPPORT 1
| #define GC_ENABLE_SUSPEND_THREAD 1
| #define HAVE_DLADDR 1
| /* end confdefs.h.  */
| #include <stdio.h>
| #ifdef HAVE_SYS_TYPES_H
| # include <sys/types.h>
| #endif
| #ifdef HAVE_SYS_STAT_H
| # include <sys/stat.h>
| #endif
| #ifdef STDC_HEADERS
| # include <stdlib.h>
| # include <stddef.h>
| #else
| # ifdef HAVE_STDLIB_H
| #  include <stdlib.h>
| # endif
| #endif
| #ifdef HAVE_STRING_H
| # if !defined STDC_HEADERS && defined HAVE_MEMORY_H
| #  include <memory.h>
| # endif
| # include <string.h>
| #endif
| #ifdef HAVE_STRINGS_H
| # include <strings.h>
| #endif
| #ifdef HAVE_INTTYPES_H
| # include <inttypes.h>
| #endif
| #ifdef HAVE_STDINT_H
| # include <stdint.h>
| #endif
| #ifdef HAVE_UNISTD_H
| # include <unistd.h>
| #endif
| #include <sys/dg_sys_info.h>
configure:17414: result: no
configure:17414: checking sys/dg_sys_info.h presence
configure:17414: gcc -E  conftest.c
conftest.c:39:10: fatal error: sys/dg_sys_info.h: No such file or directory
 #include <sys/dg_sys_info.h>
          ^~~~~~~~~~~~~~~~~~~
compilation terminated.
configure:17414: $? = 1
configure: failed program was:
| /* confdefs.h */
| #define PACKAGE_NAME "gc"
| #define PACKAGE_TARNAME "gc"
| #define PACKAGE_VERSION "7.6.4"
| #define PACKAGE_STRING "gc 7.6.4"
| #define PACKAGE_BUGREPORT "https://github.com/ivmai/bdwgc/issues"
| #define PACKAGE_URL ""
| #define GC_VERSION_MAJOR 7
| #define GC_VERSION_MINOR 6
| #define GC_VERSION_MICRO 4
| #define PACKAGE "gc"
| #define VERSION "7.6.4"
| #define STDC_HEADERS 1
| #define HAVE_SYS_TYPES_H 1
| #define HAVE_SYS_STAT_H 1
| #define HAVE_STDLIB_H 1
| #define HAVE_STRING_H 1
| #define HAVE_MEMORY_H 1
| #define HAVE_STRINGS_H 1
| #define HAVE_INTTYPES_H 1
| #define HAVE_STDINT_H 1
| #define HAVE_UNISTD_H 1
| #define HAVE_DLFCN_H 1
| #define LT_OBJDIR ".libs/"
| #define GC_LINUX_THREADS 1
| #define _REENTRANT 1
| #define PARALLEL_MARK 1
| #define THREAD_LOCAL_ALLOC 1
| #define HAVE_GETCONTEXT 1
| #define HAVE_DL_ITERATE_PHDR 1
| #define HAVE_DL_ITERATE_PHDR 1
| #define HAVE_EXECINFO_H 1
| #define NO_EXECUTE_PERMISSION 1
| #define ALL_INTERIOR_POINTERS 1
| #define GC_GCJ_SUPPORT 1
| #define GC_ENABLE_SUSPEND_THREAD 1
| #define HAVE_DLADDR 1
| /* end confdefs.h.  */
| #include <sys/dg_sys_info.h>
configure:17414: result: no
configure:17414: checking for sys/dg_sys_info.h
configure:17414: result: no
configure:17738: checking for pkg-config
configure:17756: found /usr/bin/pkg-config
configure:17768: result: /usr/bin/pkg-config
configure:17793: checking pkg-config is at least version 0.9.0
configure:17796: result: yes
configure:17807: checking for atomic_ops
configure:17814: $PKG_CONFIG --exists --print-errors "atomic_ops"
Package atomic_ops was not found in the pkg-config search path.
Perhaps you should add the directory containing `atomic_ops.pc'
to the PKG_CONFIG_PATH environment variable
No package 'atomic_ops' found
configure:17817: $? = 1
configure:17831: $PKG_CONFIG --exists --print-errors "atomic_ops"
Package atomic_ops was not found in the pkg-config search path.
Perhaps you should add the directory containing `atomic_ops.pc'
to the PKG_CONFIG_PATH environment variable
No package 'atomic_ops' found
configure:17834: $? = 1
configure:17848: result: no
No package 'atomic_ops' found
configure:17880: checking atomic_ops.h usability
configure:17880: gcc -c -Wall -Wextra -Wpedantic -Wno-long-long -g -O2 -fno-strict-aliasing  conftest.c >&5
conftest.c:75:10: fatal error: atomic_ops.h: No such file or directory
 #include <atomic_ops.h>
          ^~~~~~~~~~~~~~
compilation terminated.
configure:17880: $? = 1
configure: failed program was:
| /* confdefs.h */
| #define PACKAGE_NAME "gc"
| #define PACKAGE_TARNAME "gc"
| #define PACKAGE_VERSION "7.6.4"
| #define PACKAGE_STRING "gc 7.6.4"
| #define PACKAGE_BUGREPORT "https://github.com/ivmai/bdwgc/issues"
| #define PACKAGE_URL ""
| #define GC_VERSION_MAJOR 7
| #define GC_VERSION_MINOR 6
| #define GC_VERSION_MICRO 4
| #define PACKAGE "gc"
| #define VERSION "7.6.4"
| #define STDC_HEADERS 1
| #define HAVE_SYS_TYPES_H 1
| #define HAVE_SYS_STAT_H 1
| #define HAVE_STDLIB_H 1
| #define HAVE_STRING_H 1
| #define HAVE_MEMORY_H 1
| #define HAVE_STRINGS_H 1
| #define HAVE_INTTYPES_H 1
| #define HAVE_STDINT_H 1
| #define HAVE_UNISTD_H 1
| #define HAVE_DLFCN_H 1
| #define LT_OBJDIR ".libs/"
| #define GC_LINUX_THREADS 1
| #define _REENTRANT 1
| #define PARALLEL_MARK 1
| #define THREAD_LOCAL_ALLOC 1
| #define HAVE_GETCONTEXT 1
| #define HAVE_DL_ITERATE_PHDR 1
| #define HAVE_DL_ITERATE_PHDR 1
| #define HAVE_EXECINFO_H 1
| #define NO_EXECUTE_PERMISSION 1
| #define ALL_INTERIOR_POINTERS 1
| #define GC_GCJ_SUPPORT 1
| #define GC_ENABLE_SUSPEND_THREAD 1
| #define HAVE_DLADDR 1
| #define JAVA_FINALIZATION 1
| #define GC_ATOMIC_UNCOLLECTABLE 1
| #define ENABLE_DISCLAIM 1
| /* end confdefs.h.  */
| #include <stdio.h>
| #ifdef HAVE_SYS_TYPES_H
| # include <sys/types.h>
| #endif
| #ifdef HAVE_SYS_STAT_H
| # include <sys/stat.h>
| #endif
| #ifdef STDC_HEADERS
| # include <stdlib.h>
| # include <stddef.h>
| #else
| # ifdef HAVE_STDLIB_H
| #  include <stdlib.h>
| # endif
| #endif
| #ifdef HAVE_STRING_H
| # if !defined STDC_HEADERS && defined HAVE_MEMORY_H
| #  include <memory.h>
| # endif
| # include <string.h>
| #endif
| #ifdef HAVE_STRINGS_H
| # include <strings.h>
| #endif
| #ifdef HAVE_INTTYPES_H
| # include <inttypes.h>
| #endif
| #ifdef HAVE_STDINT_H
| # include <stdint.h>
| #endif
| #ifdef HAVE_UNISTD_H
| # include <unistd.h>
| #endif
| #include <atomic_ops.h>
configure:17880: result: no
configure:17880: checking atomic_ops.h presence
configure:17880: gcc -E  conftest.c
conftest.c:42:10: fatal error: atomic_ops.h: No such file or directory
 #include <atomic_ops.h>
          ^~~~~~~~~~~~~~
compilation terminated.
configure:17880: $? = 1
configure: failed program was:
| /* confdefs.h */
| #define PACKAGE_NAME "gc"
| #define PACKAGE_TARNAME "gc"
| #define PACKAGE_VERSION "7.6.4"
| #define PACKAGE_STRING "gc 7.6.4"
| #define PACKAGE_BUGREPORT "https://github.com/ivmai/bdwgc/issues"
| #define PACKAGE_URL ""
| #define GC_VERSION_MAJOR 7
| #define GC_VERSION_MINOR 6
| #define GC_VERSION_MICRO 4
| #define PACKAGE "gc"
| #define VERSION "7.6.4"
| #define STDC_HEADERS 1
| #define HAVE_SYS_TYPES_H 1
| #define HAVE_SYS_STAT_H 1
| #define HAVE_STDLIB_H 1
| #define HAVE_STRING_H 1
| #define HAVE_MEMORY_H 1
| #define HAVE_STRINGS_H 1
| #define HAVE_INTTYPES_H 1
| #define HAVE_STDINT_H 1
| #define HAVE_UNISTD_H 1
| #define HAVE_DLFCN_H 1
| #define LT_OBJDIR ".libs/"
| #define GC_LINUX_THREADS 1
| #define _REENTRANT 1
| #define PARALLEL_MARK 1
| #define THREAD_LOCAL_ALLOC 1
| #define HAVE_GETCONTEXT 1
| #define HAVE_DL_ITERATE_PHDR 1
| #define HAVE_DL_ITERATE_PHDR 1
| #define HAVE_EXECINFO_H 1
| #define NO_EXECUTE_PERMISSION 1
| #define ALL_INTERIOR_POINTERS 1
| #define GC_GCJ_SUPPORT 1
| #define GC_ENABLE_SUSPEND_THREAD 1
| #define HAVE_DLADDR 1
| #define JAVA_FINALIZATION 1
| #define GC_ATOMIC_UNCOLLECTABLE 1
| #define ENABLE_DISCLAIM 1
| /* end confdefs.h.  */
| #include <atomic_ops.h>
configure:17880: result: no
configure:17880: checking for atomic_ops.h
configure:17880: result: no
configure:17904: checking which libatomic_ops to use
configure:17917: result: internal
configure:18059: checking that generated files are newer than configure
configure:18065: result: done
configure:18164: creating ./config.status

## ---------------------- ##
## Running config.status. ##
## ---------------------- ##

This file was extended by gc config.status 7.6.4, which was
generated by GNU Autoconf 2.69.  Invocation command line was

  CONFIG_FILES    = 
  CONFIG_HEADERS  = 
  CONFIG_LINKS    = 
  CONFIG_COMMANDS = 
  $ ./config.status 

on buildkitsandbox

config.status:1236: creating Makefile
config.status:1236: creating bdw-gc.pc
config.status:1236: creating include/config.h
config.status:1465: executing depfiles commands
config.status:1465: executing libtool commands
config.status:1465: executing default commands
configure:20645: === configuring in libatomic_ops (/home/student/runtime/gc-7.6.4/libatomic_ops)
configure:20708: running /bin/bash ./configure --disable-option-checking '--prefix=/usr/local'  --cache-file=/dev/null --srcdir=.

## ---------------- ##
## Cache variables. ##
## ---------------- ##

ac_cv_build=x86_64-unknown-linux-gnu
ac_cv_c_compiler_gnu=yes
ac_cv_c_inline=inline
ac_cv_cc_pedantic=yes
ac_cv_cc_wextra=yes
ac_cv_cxx_compiler_gnu=yes
ac_cv_env_ATOMIC_OPS_CFLAGS_set=
ac_cv_env_ATOMIC_OPS_CFLAGS_value=
ac_cv_env_ATOMIC_OPS_LIBS_set=
ac_cv_env_ATOMIC_OPS_LIBS_value=
ac_cv_env_CCASFLAGS_set=
ac_cv_env_CCASFLAGS_value=
ac_cv_env_CCAS_set=
ac_cv_env_CCAS_value=
ac_cv_env_CCC_set=
ac_cv_env_CCC_value=
ac_cv_env_CC_set=
ac_cv_env_CC_value=
ac_cv_env_CFLAGS_set=
ac_cv_env_CFLAGS_value=
ac_cv_env_CPPFLAGS_set=
ac_cv_env_CPPFLAGS_value=
ac_cv_env_CPP_set=
ac_cv_env_CPP_value=
ac_cv_env_CXXCPP_set=
ac_cv_env_CXXCPP_value=
ac_cv_env_CXXFLAGS_set=
ac_cv_env_CXXFLAGS_value=
ac_cv_env_CXX_set=
ac_cv_env_CXX_value=
ac_cv_env_LDFLAGS_set=
ac_cv_env_LDFLAGS_value=
ac_cv_env_LIBS_set=
ac_cv_env_LIBS_value=
ac_cv_env_LT_SYS_LIBRARY_PATH_set=
ac_cv_env_LT_SYS_LIBRARY_PATH_value=
ac_cv_env_PKG_CONFIG_LIBDIR_set=
ac_cv_env_PKG_CONFIG_LIBDIR_value=
ac_cv_env_PKG_CONFIG_PATH_set=
ac_cv_env_PKG_CONFIG_PATH_value=
ac_cv_env_PKG_CONFIG_set=
ac_cv_env_PKG_CONFIG_value=
ac_cv_env_build_alias_set=
ac_cv_env_build_alias_value=
ac_cv_env_host_alias_set=
ac_cv_env_host_alias_value=
ac_cv_env_target_alias_set=
ac_cv_env_target_alias_value=
ac_cv_fno_strict_aliasing=yes
ac_cv_func_dl_iterate_phdr=yes
ac_cv_func_getcontext=yes
ac_cv_header_atomic_ops_h=no
ac_cv_header_dlfcn_h=yes
ac_cv_header_execinfo_h=yes
ac_cv_header_inttypes_h=yes
ac_cv_header_memory_h=yes
ac_cv_header_stdc=yes
ac_cv_header_stdint_h=yes
ac_cv_header_stdlib_h=yes
ac_cv_header_string_h=yes
ac_cv_header_strings_h=yes
ac_cv_header_sys_dg_sys_info_h=no
ac_cv_header_sys_stat_h=yes
ac_cv_header_sys_types_h=yes
ac_cv_header_unistd_h=yes
ac_cv_host=x86_64-unknown-linux-gnu
ac_cv_lib_dl_dlopen=yes
ac_cv_lib_pthread_pthread_self=yes
ac_cv_objext=o
ac_cv_path_EGREP='/bin/grep -E'
ac_cv_path_FGREP='/bin/grep -F'
ac_cv_path_GREP=/bin/grep
ac_cv_path_SED=/bin/sed
ac_cv_path_ac_pt_PKG_CONFIG=/usr/bin/pkg-config
ac_cv_path_install='/usr/bin/install -c'
ac_cv_path_lt_DD=/bin/dd
ac_cv_path_mkdir=/bin/mkdir
ac_cv_prog_AWK=mawk
ac_cv_prog_CPP='gcc -E'
ac_cv_prog_CXXCPP='g++ -E'
ac_cv_prog_ac_ct_AR=ar
ac_cv_prog_ac_ct_CC=gcc
ac_cv_prog_ac_ct_CXX=g++
ac_cv_prog_ac_ct_OBJDUMP=objdump
ac_cv_prog_ac_ct_RANLIB=ranlib
ac_cv_prog_ac_ct_STRIP=strip
ac_cv_prog_cc_c89=
ac_cv_prog_cc_g=yes
ac_cv_prog_cxx_g=yes
ac_cv_prog_make_make_set=yes
ac_cv_target=x86_64-unknown-linux-gnu
am_cv_CCAS_dependencies_compiler_type=gcc3
am_cv_CC_dependencies_compiler_type=gcc3
am_cv_CXX_dependencies_compiler_type=gcc3
am_cv_make_support_nested_variables=yes
am_cv_prog_cc_c_o=yes
lt_cv_ar_at_file=@
lt_cv_archive_cmds_need_lc=no
lt_cv_deplibs_check_method=pass_all
lt_cv_file_magic_cmd='$MAGIC_CMD'
lt_cv_file_magic_test_file=
lt_cv_ld_reload_flag=-r
lt_cv_nm_interface='BSD nm'
lt_cv_objdir=.libs
lt_cv_path_LD=/usr/bin/ld
lt_cv_path_LDCXX='/usr/bin/ld -m elf_x86_64'
lt_cv_path_NM='/usr/bin/nm -B'
lt_cv_path_mainfest_tool=no
lt_cv_prog_compiler_c_o=yes
lt_cv_prog_compiler_c_o_CXX=yes
lt_cv_prog_compiler_pic='-fPIC -DPIC'
lt_cv_prog_compiler_pic_CXX='-fPIC -DPIC'
lt_cv_prog_compiler_pic_works=yes
lt_cv_prog_compiler_pic_works_CXX=yes
lt_cv_prog_compiler_rtti_exceptions=no
lt_cv_prog_compiler_static_works=yes
lt_cv_prog_compiler_static_works_CXX=yes
lt_cv_prog_gnu_ld=yes
lt_cv_prog_gnu_ldcxx=yes
lt_cv_sharedlib_from_linklib_cmd='printf %s\n'
lt_cv_shlibpath_overrides_runpath=yes
lt_cv_sys_global_symbol_pipe='sed -n -e '\''s/^.*[	 ]\([ABCDGIRSTW][ABCDGIRSTW]*\)[	 ][	 ]*\([_A-Za-z][_A-Za-z0-9]*\)$/\1 \2 \2/p'\'' | sed '\''/ __gnu_lto/d'\'''
lt_cv_sys_global_symbol_to_c_name_address='sed -n -e '\''s/^: \(.*\) .*$/  {"\1", (void *) 0},/p'\'' -e '\''s/^[ABCDGIRSTW][ABCDGIRSTW]* .* \(.*\)$/  {"\1", (void *) \&\1},/p'\'''
lt_cv_sys_global_symbol_to_c_name_address_lib_prefix='sed -n -e '\''s/^: \(.*\) .*$/  {"\1", (void *) 0},/p'\'' -e '\''s/^[ABCDGIRSTW][ABCDGIRSTW]* .* \(lib.*\)$/  {"\1", (void *) \&\1},/p'\'' -e '\''s/^[ABCDGIRSTW][ABCDGIRSTW]* .* \(.*\)$/  {"lib\1", (void *) \&\1},/p'\'''
lt_cv_sys_global_symbol_to_cdecl='sed -n -e '\''s/^T .* \(.*\)$/extern int \1();/p'\'' -e '\''s/^[ABCDGIRSTW][ABCDGIRSTW]* .* \(.*\)$/extern char \1;/p'\'''
lt_cv_sys_global_symbol_to_import=
lt_cv_sys_max_cmd_len=1572864
lt_cv_to_host_file_cmd=func_convert_file_noop
lt_cv_to_tool_file_cmd=func_convert_file_noop
lt_cv_truncate_bin='/bin/dd bs=4096 count=1'

## ----------------- ##
## Output variables. ##
## ----------------- ##

ACLOCAL='${SHELL} /home/student/runtime/gc-7.6.4/missing aclocal-1.15'
AMDEPBACKSLASH='\'
AMDEP_FALSE='#'
AMDEP_TRUE=''
AMTAR='$${TAR-tar}'
AM_BACKSLASH='\'
AM_CFLAGS=''
AM_CPPFLAGS=''
AM_DEFAULT_V='$(AM_DEFAULT_VERBOSITY)'
AM_DEFAULT_VERBOSITY='1'
AM_V='$(V)'
AR='ar'
ASM_WITH_CPP_UNSUPPORTED_FALSE=''
ASM_WITH_CPP_UNSUPPORTED_TRUE='#'
ATOMIC_OPS_CFLAGS='-I$(top_builddir)/libatomic_ops/src -I$(top_srcdir)/libatomic_ops/src'
ATOMIC_OPS_LIBS=''
AUTOCONF='${SHELL} /home/student/runtime/gc-7.6.4/missing autoconf'
AUTOHEADER='${SHELL} /home/student/runtime/gc-7.6.4/missing autoheader'
AUTOMAKE='${SHELL} /home/student/runtime/gc-7.6.4/missing automake-1.15'
AVOID_CPP_LIB_FALSE=''
AVOID_CPP_LIB_TRUE='#'
AWK='mawk'
CC='gcc'
CCAS='gcc'
CCASDEPMODE='depmode=gcc3'
CCASFLAGS='-g -O2'
CCDEPMODE='depmode=gcc3'
CFLAGS='-Wall -Wextra -Wpedantic -Wno-long-long -g -O2 -fno-strict-aliasing'
CFLAGS_EXTRA=''
CPLUSPLUS_FALSE=''
CPLUSPLUS_TRUE='#'
CPP='gcc -E'
CPPFLAGS=''
CXX='g++'
CXXCPP='g++ -E'
CXXDEPMODE='depmode=gcc3'
CXXFLAGS='-g -O2'
CXXLIBS=''
CYGPATH_W='echo'
DARWIN_THREADS_FALSE=''
DARWIN_THREADS_TRUE='#'
DEFS='-DHAVE_CONFIG_H'
DEPDIR='.deps'
DLLTOOL='false'
DSYMUTIL=''
DUMPBIN=''
ECHO_C=''
ECHO_N='-n'
ECHO_T=''
EGREP='/bin/grep -E'
ENABLE_DISCLAIM_FALSE='#'
ENABLE_DISCLAIM_TRUE=''
ENABLE_DOCS_FALSE='#'
ENABLE_DOCS_TRUE=''
EXEEXT=''
EXTRA_TEST_LIBS=''
FGREP='/bin/grep -F'
GC_CFLAGS=' -fexceptions'
GC_VERSION=''
GREP='/bin/grep'
INSTALL_DATA='${INSTALL} -m 644'
INSTALL_PROGRAM='${INSTALL}'
INSTALL_SCRIPT='${INSTALL}'
INSTALL_STRIP_PROGRAM='$(install_sh) -c -s'
KEEP_BACK_PTRS_FALSE=''
KEEP_BACK_PTRS_TRUE='#'
LD='/usr/bin/ld -m elf_x86_64'
LDFLAGS=''
LIBOBJS=''
LIBS=''
LIBTOOL='$(SHELL) $(top_builddir)/libtool'
LIPO=''
LN_S='ln -s'
LTLIBOBJS=''
LT_SYS_LIBRARY_PATH=''
MAINT='#'
MAINTAINER_MODE_FALSE=''
MAINTAINER_MODE_TRUE='#'
MAKEINFO='${SHELL} /home/student/runtime/gc-7.6.4/missing makeinfo'
MAKE_BACK_GRAPH_FALSE=''
MAKE_BACK_GRAPH_TRUE='#'
MANIFEST_TOOL=':'
MKDIR_P='/bin/mkdir -p'
NEED_ATOMIC_OPS_ASM_FALSE=''
NEED_ATOMIC_OPS_ASM_TRUE='#'
NM='/usr/bin/nm -B'
NMEDIT=''
OBJDUMP='objdump'
OBJEXT='o'
OTOOL64=''
OTOOL=''
PACKAGE='gc'
PACKAGE_BUGREPORT='https://github.com/ivmai/bdwgc/issues'
PACKAGE_NAME='gc'
PACKAGE_STRING='gc 7.6.4'
PACKAGE_TARNAME='gc'
PACKAGE_URL=''
PACKAGE_VERSION='7.6.4'
PATH_SEPARATOR=':'
PKG_CONFIG='/usr/bin/pkg-config'
PKG_CONFIG_LIBDIR=''
PKG_CONFIG_PATH=''
PTHREADS_FALSE='#'
PTHREADS_TRUE=''
PTHREAD_START_STANDALONE_FALSE='#'
PTHREAD_START_STANDALONE_TRUE=''
RANLIB='ranlib'
SED='/bin/sed'
SET_MAKE=''
SHELL='/bin/bash'
SINGLE_GC_OBJ_FALSE=''
SINGLE_GC_OBJ_TRUE='#'
STRIP='strip'
THREADDLLIBS='-lpthread -ldl'
THREADS_FALSE='#'
THREADS_TRUE=''
UNWINDLIBS=''
USE_INTERNAL_LIBATOMIC_OPS_FALSE='#'
USE_INTERNAL_LIBATOMIC_OPS_TRUE=''
USE_LIBDIR_FALSE='#'
USE_LIBDIR_TRUE=''
VERSION='7.6.4'
WERROR_CFLAGS=''
WIN32_THREADS_FALSE=''
WIN32_THREADS_TRUE='#'
ac_ct_AR='ar'
ac_ct_CC='gcc'
ac_ct_CXX='g++'
ac_ct_DUMPBIN=''
addlibs=''
addobjs=' '
am__EXEEXT_FALSE=''
am__EXEEXT_TRUE='#'
am__fastdepCCAS_FALSE='#'
am__fastdepCCAS_TRUE=''
am__fastdepCC_FALSE='#'
am__fastdepCC_TRUE=''
am__fastdepCXX_FALSE='#'
am__fastdepCXX_TRUE=''
am__include='include'
am__isrc=''
am__leading_dot='.'
am__nodep='_no'
am__quote=''
am__tar='$${TAR-tar} chof - "$$tardir"'
am__untar='$${TAR-tar} xf -'
bindir='${exec_prefix}/bin'
build='x86_64-unknown-linux-gnu'
build_alias=''
build_cpu='x86_64'
build_os='linux-gnu'
build_vendor='unknown'
datadir='${datarootdir}'
datarootdir='${prefix}/share'
docdir='${datarootdir}/doc/${PACKAGE_TARNAME}'
dvidir='${docdir}'
exec_prefix='${prefix}'
extra_ldflags_libgc=''
host='x86_64-unknown-linux-gnu'
host_alias=''
host_cpu='x86_64'
host_os='linux-gnu'
host_vendor='unknown'
htmldir='${docdir}'
includedir='${prefix}/include'
infodir='${datarootdir}/info'
install_sh='${SHELL} /home/student/runtime/gc-7.6.4/install-sh'
libdir='${exec_prefix}/lib'
libexecdir='${exec_prefix}/libexec'
localedir='${datarootdir}/locale'
localstatedir='${prefix}/var'
mandir='${datarootdir}/man'
mkdir_p='$(MKDIR_P)'
oldincludedir='/usr/include'
pdfdir='${docdir}'
prefix='/usr/local'
program_transform_name='s,x,x,'
psdir='${docdir}'
sbindir='${exec_prefix}/sbin'
sharedstatedir='${prefix}/com'
subdirs=' libatomic_ops'
sysconfdir='${prefix}/etc'
target='x86_64-unknown-linux-gnu'
target_alias=''
target_all='libgc.la'
target_cpu='x86_64'
target_os='linux-gnu'
target_vendor='unknown'

## ----------- ##
## confdefs.h. ##
## ----------- ##

/* confdefs.h */
#define PACKAGE_NAME "gc"
#define PACKAGE_TARNAME "gc"
#define PACKAGE_VERSION "7.6.4"
#define PACKAGE_STRING "gc 7.6.4"
#define PACKAGE_BUGREPORT "https://github.com/ivmai/bdwgc/issues"
#define PACKAGE_URL ""
#define GC_VERSION_MAJOR 7
#define GC_VERSION_MINOR 6
#define GC_VERSION_MICRO 4
#define PACKAGE "gc"
#define VERSION "7.6.4"
#define STDC_HEADERS 1
#define HAVE_SYS_TYPES_H 1
#define HAVE_SYS_STAT_H 1
#define HAVE_STDLIB_H 1
#define HAVE_STRING_H 1
#define HAVE_MEMORY_H 1
#define HAVE_STRINGS_H 1
#define HAVE_INTTYPES_H 1
#define HAVE_STDINT_H 1
#define HAVE_UNISTD_H 1
#define HAVE_DLFCN_H 1
#define LT_OBJDIR ".libs/"
#define GC_LINUX_THREADS 1
#define _REENTRANT 1
#define PARALLEL_MARK 1
#define THREAD_LOCAL_ALLOC 1
#define HAVE_GETCONTEXT 1
#define HAVE_DL_ITERATE_PHDR 1
#define HAVE_DL_ITERATE_PHDR 1
#define HAVE_EXECINFO_H 1
#define NO_EXECUTE_PERMISSION 1
#define ALL_INTERIOR_POINTERS 1
#define GC_GCJ_SUPPORT 1
#define GC_ENABLE_SUSPEND_THREAD 1
#define HAVE_DLADDR 1
#define JAVA_FINALIZATION 1
#define GC_ATOMIC_UNCOLLECTABLE 1
#define ENABLE_DISCLAIM 1

configure: exit 0
